[2017-11-15 11:27:39,417][INFO] - wtf
[2017-11-15 11:27:39,418][INFO] - DNS Generator STARTING
[2017-11-15 11:27:39,419][INFO] - Generating 1200 random queries from file bad_domains.txt
[2017-11-15 11:28:12,769][INFO] - DNS Generator STARTING
[2017-11-15 11:28:12,770][INFO] - Generating 1200 random queries from file bad_domains.txt
[2017-11-15 11:32:04,922][INFO] - DNS Generator STARTING
[2017-11-15 11:32:04,923][INFO] - Generating 1200 random queries from file bad_domains.txt
[2017-11-15 11:33:47,768][INFO] - DNS Generator STARTING
[2017-11-15 11:33:47,769][INFO] - Generating 1200 random queries from file bad_domains.txt
[2017-11-15 11:34:01,871][INFO] - DNS Generator STARTING
[2017-11-15 11:34:01,873][INFO] - Generating 1200 random queries from file bad_domains.txt
[2017-11-15 11:34:01,873][ERROR] - Unable to open the file bad_domains.txt
[2017-11-15 11:35:18,602][INFO] - DNS Generator STARTING
[2017-11-15 11:35:18,603][INFO] - Generating 1200 random queries from file bad_domains.txt
[2017-11-15 11:35:18,604][ERROR] - Unable to open the file bad_domains.txt
[2017-11-15 11:36:00,381][INFO] - DNS Generator STARTING
[2017-11-15 11:44:25,830][INFO] - DNS Generator STARTING
[2017-11-15 11:44:25,832][INFO] - Generating 1200 random queries from file bad_domains.txt
[2017-11-15 11:44:25,832][ERROR] - Unable to open the file bad_domains.txt
[2017-11-15 11:44:57,816][INFO] - DNS Generator STARTING
[2017-11-15 11:44:57,817][INFO] - Generating 1200 random queries from file bad_domains.txt
[2017-11-15 11:44:57,818][ERROR] - Unable to open the file bad_domains.txt - exiting
[2017-11-15 11:45:16,625][INFO] - DNS Generator STARTING
[2017-11-15 11:45:16,627][INFO] - Generating 1200 random queries from file bad_domains.txt
[2017-11-15 11:45:16,628][ERROR] - Unable to open the file bad_domains.txt - exiting
[2017-11-15 11:45:29,379][INFO] - DNS Generator STARTING
[2017-11-15 11:45:29,381][INFO] - Generating 1200 random queries from file whatevs.txt
[2017-11-15 11:45:29,381][ERROR] - Unable to open the file whatevs.txt - exiting
[2017-11-15 11:49:12,222][INFO] - DNS Generator STARTING
[2017-11-15 11:49:12,223][INFO] - Generating 1200 random queries from file domains.txt
[2017-11-15 11:49:27,719][INFO] - DNS Generator STARTING
[2017-11-15 11:49:27,720][INFO] - Generating 1200 random queries from file domains.txt
[2017-11-15 11:49:44,759][INFO] - DNS Generator STARTING
[2017-11-15 11:49:44,760][INFO] - Generating 1200 random queries from file domains.txt
[2017-11-15 11:51:14,298][INFO] - DNS Generator STARTING
[2017-11-15 11:51:14,300][INFO] - Generating 1200 random queries from file domains.txt
[2017-11-15 11:53:06,781][INFO] - DNS Generator STARTING
[2017-11-15 11:53:06,783][INFO] - Generating 1200 random queries from file domains.txt
[2017-11-15 11:53:22,287][INFO] - DNS Generator STARTING
[2017-11-15 11:53:22,288][INFO] - Generating 1200 random queries from file domains.txt
[2017-11-15 11:53:48,801][INFO] - DNS Generator STARTING
[2017-11-15 11:53:48,802][INFO] - Generating 1200 random queries from file domains.txt
[2017-11-15 11:54:53,945][INFO] - DNS Generator STARTING
[2017-11-15 11:54:53,946][INFO] - Generating 1200 random queries from file domains.txt
[2017-11-15 11:56:25,123][INFO] - DNS Generator STARTING
[2017-11-15 11:56:25,125][INFO] - Generating 1200 random queries from file domains.txt
[2017-11-15 11:56:42,677][INFO] - DNS Generator STARTING
[2017-11-15 11:56:42,678][INFO] - Generating 1200 random queries from file domains.txt
[2017-11-15 11:59:55,535][INFO] - DNS Generator STARTING
[2017-11-15 11:59:55,538][INFO] - Generating 1200 random queries from file domains.txt
[2017-11-15 12:00:39,716][INFO] - DNS Generator STARTING
[2017-11-15 12:00:39,718][INFO] - Generating 1200 random queries from file domains.txt
[2017-11-15 12:01:07,558][INFO] - DNS Generator STARTING
[2017-11-15 12:01:07,560][INFO] - Generating 1200 random queries from file domains.txt
[2017-11-15 12:01:26,875][INFO] - DNS Generator STARTING
[2017-11-15 12:01:26,876][INFO] - Generating 1200 random queries from file domains.txt
[2017-11-15 12:05:17,001][INFO] - DNS Generator STARTING
[2017-11-15 12:05:17,003][INFO] - Generating 1200 random queries from file domains.txt
[2017-11-15 12:05:28,933][INFO] - DNS Generator STARTING
[2017-11-15 12:05:28,934][INFO] - Generating 1200 random queries from file domains.txt
[2017-11-15 12:05:54,886][INFO] - DNS Generator STARTING
[2017-11-15 12:05:54,887][INFO] - Generating 1200 random queries from file domains.txt
